<?xml version="1.0" encoding="UTF-8"?>
<!-- Generated by org.testng.reporters.JUnitXMLReporter -->
<testsuite hostname="DESKTOP-9AI1JJT" ignored="3" name="Default test(failed)" tests="1" failures="1" timestamp="2022-01-21T17:03:01 IST" time="0.074" errors="0">
  <testcase name="tc3" time="0.014" classname="org.com.selenium.Test3">
    <failure type="java.lang.AssertionError" message="expected [true] but found [false]">
      <![CDATA[java.lang.AssertionError: expected [true] but found [false]
at org.com.selenium.Test3.tc3(Test3.java:19)
at java.util.ArrayList.forEach(Unknown Source)
... Removed 31 stack frames]]>
    </failure>
  </testcase> <!-- tc3 -->
  <testcase name="tc4" time="0.0" classname="org.com.selenium.Test3">
    <ignored/>
  </testcase> <!-- tc4 -->
  <testcase name="tc1" time="0.0" classname="org.com.selenium.Test3">
    <ignored/>
  </testcase> <!-- tc1 -->
  <testcase name="tc2" time="0.0" classname="org.com.selenium.Test3">
    <ignored/>
  </testcase> <!-- tc2 -->
</testsuite> <!-- Default test(failed) -->
